<?xml version="1.0" encoding="UTF-8"?>
<testsuite xmlns:xsi="http://www.w3.org/2001/XMLSchema-instance" xsi:noNamespaceSchemaLocation="https://maven.apache.org/surefire/maven-surefire-plugin/xsd/surefire-test-report-3.0.xsd" version="3.0" name="com.spa.demo.backend.IdentificationRepositoryTest" time="9.47" tests="1" errors="0" skipped="0" failures="0">
  <properties>
    <property name="java.specification.version" value="23"/>
    <property name="sun.cpu.isalist" value="amd64"/>
    <property name="sun.jnu.encoding" value="Cp1250"/>
    <property name="java.class.path" value="D:\Egyetem\Felevek\5.felev\Szoftverfejlesztes\Projekt\SFM_Projekt_2.csoport\demo\target\test-classes;D:\Egyetem\Felevek\5.felev\Szoftverfejlesztes\Projekt\SFM_Projekt_2.csoport\demo\target\classes;C:\Users\csaba\.m2\repository\org\springframework\boot\spring-boot-starter-data-jpa\3.3.5\spring-boot-starter-data-jpa-3.3.5.jar;C:\Users\csaba\.m2\repository\org\springframework\boot\spring-boot-starter-aop\3.3.5\spring-boot-starter-aop-3.3.5.jar;C:\Users\csaba\.m2\repository\org\springframework\spring-aop\6.1.14\spring-aop-6.1.14.jar;C:\Users\csaba\.m2\repository\org\aspectj\aspectjweaver\1.9.22.1\aspectjweaver-1.9.22.1.jar;C:\Users\csaba\.m2\repository\org\springframework\boot\spring-boot-starter-jdbc\3.3.5\spring-boot-starter-jdbc-3.3.5.jar;C:\Users\csaba\.m2\repository\com\zaxxer\HikariCP\5.1.0\HikariCP-5.1.0.jar;C:\Users\csaba\.m2\repository\org\springframework\spring-jdbc\6.1.14\spring-jdbc-6.1.14.jar;C:\Users\csaba\.m2\repository\org\hibernate\orm\hibernate-core\6.5.3.Final\hibernate-core-6.5.3.Final.jar;C:\Users\csaba\.m2\repository\jakarta\persistence\jakarta.persistence-api\3.1.0\jakarta.persistence-api-3.1.0.jar;C:\Users\csaba\.m2\repository\jakarta\transaction\jakarta.transaction-api\2.0.1\jakarta.transaction-api-2.0.1.jar;C:\Users\csaba\.m2\repository\org\jboss\logging\jboss-logging\3.5.3.Final\jboss-logging-3.5.3.Final.jar;C:\Users\csaba\.m2\repository\org\hibernate\common\hibernate-commons-annotations\6.0.6.Final\hibernate-commons-annotations-6.0.6.Final.jar;C:\Users\csaba\.m2\repository\io\smallrye\jandex\3.1.2\jandex-3.1.2.jar;C:\Users\csaba\.m2\repository\com\fasterxml\classmate\1.7.0\classmate-1.7.0.jar;C:\Users\csaba\.m2\repository\net\bytebuddy\byte-buddy\1.14.19\byte-buddy-1.14.19.jar;C:\Users\csaba\.m2\repository\org\glassfish\jaxb\jaxb-runtime\4.0.5\jaxb-runtime-4.0.5.jar;C:\Users\csaba\.m2\repository\org\glassfish\jaxb\jaxb-core\4.0.5\jaxb-core-4.0.5.jar;C:\Users\csaba\.m2\repository\org\eclipse\angus\angus-activation\2.0.2\angus-activation-2.0.2.jar;C:\Users\csaba\.m2\repository\org\glassfish\jaxb\txw2\4.0.5\txw2-4.0.5.jar;C:\Users\csaba\.m2\repository\com\sun\istack\istack-commons-runtime\4.1.2\istack-commons-runtime-4.1.2.jar;C:\Users\csaba\.m2\repository\jakarta\inject\jakarta.inject-api\2.0.1\jakarta.inject-api-2.0.1.jar;C:\Users\csaba\.m2\repository\org\antlr\antlr4-runtime\4.13.0\antlr4-runtime-4.13.0.jar;C:\Users\csaba\.m2\repository\org\springframework\data\spring-data-jpa\3.3.5\spring-data-jpa-3.3.5.jar;C:\Users\csaba\.m2\repository\org\springframework\data\spring-data-commons\3.3.5\spring-data-commons-3.3.5.jar;C:\Users\csaba\.m2\repository\org\springframework\spring-orm\6.1.14\spring-orm-6.1.14.jar;C:\Users\csaba\.m2\repository\org\springframework\spring-context\6.1.14\spring-context-6.1.14.jar;C:\Users\csaba\.m2\repository\org\springframework\spring-tx\6.1.14\spring-tx-6.1.14.jar;C:\Users\csaba\.m2\repository\org\springframework\spring-beans\6.1.14\spring-beans-6.1.14.jar;C:\Users\csaba\.m2\repository\jakarta\annotation\jakarta.annotation-api\2.1.1\jakarta.annotation-api-2.1.1.jar;C:\Users\csaba\.m2\repository\org\slf4j\slf4j-api\2.0.16\slf4j-api-2.0.16.jar;C:\Users\csaba\.m2\repository\org\springframework\spring-aspects\6.1.14\spring-aspects-6.1.14.jar;C:\Users\csaba\.m2\repository\org\springframework\boot\spring-boot-starter-web\3.3.5\spring-boot-starter-web-3.3.5.jar;C:\Users\csaba\.m2\repository\org\springframework\boot\spring-boot-starter\3.3.5\spring-boot-starter-3.3.5.jar;C:\Users\csaba\.m2\repository\org\springframework\boot\spring-boot\3.3.5\spring-boot-3.3.5.jar;C:\Users\csaba\.m2\repository\org\springframework\boot\spring-boot-autoconfigure\3.3.5\spring-boot-autoconfigure-3.3.5.jar;C:\Users\csaba\.m2\repository\org\springframework\boot\spring-boot-starter-logging\3.3.5\spring-boot-starter-logging-3.3.5.jar;C:\Users\csaba\.m2\repository\ch\qos\logback\logback-classic\1.5.11\logback-classic-1.5.11.jar;C:\Users\csaba\.m2\repository\ch\qos\logback\logback-core\1.5.11\logback-core-1.5.11.jar;C:\Users\csaba\.m2\repository\org\apache\logging\log4j\log4j-to-slf4j\2.23.1\log4j-to-slf4j-2.23.1.jar;C:\Users\csaba\.m2\repository\org\apache\logging\log4j\log4j-api\2.23.1\log4j-api-2.23.1.jar;C:\Users\csaba\.m2\repository\org\slf4j\jul-to-slf4j\2.0.16\jul-to-slf4j-2.0.16.jar;C:\Users\csaba\.m2\repository\org\yaml\snakeyaml\2.2\snakeyaml-2.2.jar;C:\Users\csaba\.m2\repository\org\springframework\boot\spring-boot-starter-json\3.3.5\spring-boot-starter-json-3.3.5.jar;C:\Users\csaba\.m2\repository\com\fasterxml\jackson\datatype\jackson-datatype-jdk8\2.17.2\jackson-datatype-jdk8-2.17.2.jar;C:\Users\csaba\.m2\repository\com\fasterxml\jackson\datatype\jackson-datatype-jsr310\2.17.2\jackson-datatype-jsr310-2.17.2.jar;C:\Users\csaba\.m2\repository\com\fasterxml\jackson\module\jackson-module-parameter-names\2.17.2\jackson-module-parameter-names-2.17.2.jar;C:\Users\csaba\.m2\repository\org\springframework\boot\spring-boot-starter-tomcat\3.3.5\spring-boot-starter-tomcat-3.3.5.jar;C:\Users\csaba\.m2\repository\org\apache\tomcat\embed\tomcat-embed-core\10.1.31\tomcat-embed-core-10.1.31.jar;C:\Users\csaba\.m2\repository\org\apache\tomcat\embed\tomcat-embed-el\10.1.31\tomcat-embed-el-10.1.31.jar;C:\Users\csaba\.m2\repository\org\apache\tomcat\embed\tomcat-embed-websocket\10.1.31\tomcat-embed-websocket-10.1.31.jar;C:\Users\csaba\.m2\repository\org\springframework\spring-web\6.1.14\spring-web-6.1.14.jar;C:\Users\csaba\.m2\repository\io\micrometer\micrometer-observation\1.13.6\micrometer-observation-1.13.6.jar;C:\Users\csaba\.m2\repository\io\micrometer\micrometer-commons\1.13.6\micrometer-commons-1.13.6.jar;C:\Users\csaba\.m2\repository\org\springframework\spring-webmvc\6.1.14\spring-webmvc-6.1.14.jar;C:\Users\csaba\.m2\repository\org\springframework\spring-expression\6.1.14\spring-expression-6.1.14.jar;C:\Users\csaba\.m2\repository\com\h2database\h2\2.2.224\h2-2.2.224.jar;C:\Users\csaba\.m2\repository\org\projectlombok\lombok\1.18.34\lombok-1.18.34.jar;C:\Users\csaba\.m2\repository\org\springframework\boot\spring-boot-starter-test\3.3.5\spring-boot-starter-test-3.3.5.jar;C:\Users\csaba\.m2\repository\org\springframework\boot\spring-boot-test\3.3.5\spring-boot-test-3.3.5.jar;C:\Users\csaba\.m2\repository\org\springframework\boot\spring-boot-test-autoconfigure\3.3.5\spring-boot-test-autoconfigure-3.3.5.jar;C:\Users\csaba\.m2\repository\com\jayway\jsonpath\json-path\2.9.0\json-path-2.9.0.jar;C:\Users\csaba\.m2\repository\jakarta\xml\bind\jakarta.xml.bind-api\4.0.2\jakarta.xml.bind-api-4.0.2.jar;C:\Users\csaba\.m2\repository\jakarta\activation\jakarta.activation-api\2.1.3\jakarta.activation-api-2.1.3.jar;C:\Users\csaba\.m2\repository\net\minidev\json-smart\2.5.1\json-smart-2.5.1.jar;C:\Users\csaba\.m2\repository\net\minidev\accessors-smart\2.5.1\accessors-smart-2.5.1.jar;C:\Users\csaba\.m2\repository\org\ow2\asm\asm\9.6\asm-9.6.jar;C:\Users\csaba\.m2\repository\org\assertj\assertj-core\3.25.3\assertj-core-3.25.3.jar;C:\Users\csaba\.m2\repository\org\awaitility\awaitility\4.2.2\awaitility-4.2.2.jar;C:\Users\csaba\.m2\repository\org\hamcrest\hamcrest\2.2\hamcrest-2.2.jar;C:\Users\csaba\.m2\repository\org\junit\jupiter\junit-jupiter\5.10.5\junit-jupiter-5.10.5.jar;C:\Users\csaba\.m2\repository\org\junit\jupiter\junit-jupiter-params\5.10.5\junit-jupiter-params-5.10.5.jar;C:\Users\csaba\.m2\repository\org\junit\jupiter\junit-jupiter-engine\5.10.5\junit-jupiter-engine-5.10.5.jar;C:\Users\csaba\.m2\repository\org\junit\platform\junit-platform-engine\1.10.5\junit-platform-engine-1.10.5.jar;C:\Users\csaba\.m2\repository\org\mockito\mockito-core\5.11.0\mockito-core-5.11.0.jar;C:\Users\csaba\.m2\repository\net\bytebuddy\byte-buddy-agent\1.14.19\byte-buddy-agent-1.14.19.jar;C:\Users\csaba\.m2\repository\org\objenesis\objenesis\3.3\objenesis-3.3.jar;C:\Users\csaba\.m2\repository\org\mockito\mockito-junit-jupiter\5.11.0\mockito-junit-jupiter-5.11.0.jar;C:\Users\csaba\.m2\repository\org\skyscreamer\jsonassert\1.5.3\jsonassert-1.5.3.jar;C:\Users\csaba\.m2\repository\com\vaadin\external\google\android-json\0.0.20131108.vaadin1\android-json-0.0.20131108.vaadin1.jar;C:\Users\csaba\.m2\repository\org\springframework\spring-core\6.1.14\spring-core-6.1.14.jar;C:\Users\csaba\.m2\repository\org\springframework\spring-jcl\6.1.14\spring-jcl-6.1.14.jar;C:\Users\csaba\.m2\repository\org\springframework\spring-test\6.1.14\spring-test-6.1.14.jar;C:\Users\csaba\.m2\repository\org\xmlunit\xmlunit-core\2.9.1\xmlunit-core-2.9.1.jar;C:\Users\csaba\.m2\repository\org\springframework\boot\spring-boot-starter-thymeleaf\3.3.5\spring-boot-starter-thymeleaf-3.3.5.jar;C:\Users\csaba\.m2\repository\org\thymeleaf\thymeleaf-spring6\3.1.2.RELEASE\thymeleaf-spring6-3.1.2.RELEASE.jar;C:\Users\csaba\.m2\repository\org\thymeleaf\thymeleaf\3.1.2.RELEASE\thymeleaf-3.1.2.RELEASE.jar;C:\Users\csaba\.m2\repository\org\attoparser\attoparser\2.0.7.RELEASE\attoparser-2.0.7.RELEASE.jar;C:\Users\csaba\.m2\repository\org\unbescape\unbescape\1.1.6.RELEASE\unbescape-1.1.6.RELEASE.jar;C:\Users\csaba\.m2\repository\org\webjars\webjars-locator\0.52\webjars-locator-0.52.jar;C:\Users\csaba\.m2\repository\org\webjars\webjars-locator-core\0.58\webjars-locator-core-0.58.jar;C:\Users\csaba\.m2\repository\io\github\classgraph\classgraph\4.8.168\classgraph-4.8.168.jar;C:\Users\csaba\.m2\repository\com\fasterxml\jackson\core\jackson-core\2.17.2\jackson-core-2.17.2.jar;C:\Users\csaba\.m2\repository\com\fasterxml\jackson\core\jackson-databind\2.17.2\jackson-databind-2.17.2.jar;C:\Users\csaba\.m2\repository\com\fasterxml\jackson\core\jackson-annotations\2.17.2\jackson-annotations-2.17.2.jar;C:\Users\csaba\.m2\repository\org\apache\commons\commons-text\1.11.0\commons-text-1.11.0.jar;C:\Users\csaba\.m2\repository\org\apache\commons\commons-lang3\3.14.0\commons-lang3-3.14.0.jar;C:\Users\csaba\.m2\repository\com\github\spullara\mustache\java\compiler\0.9.11\compiler-0.9.11.jar;C:\Users\csaba\.m2\repository\org\webjars\bootstrap\5.3.3\bootstrap-5.3.3.jar;C:\Users\csaba\.m2\repository\org\openjfx\javafx-controls\23.0.1\javafx-controls-23.0.1.jar;C:\Users\csaba\.m2\repository\org\openjfx\javafx-controls\23.0.1\javafx-controls-23.0.1-win.jar;C:\Users\csaba\.m2\repository\org\openjfx\javafx-graphics\23.0.1\javafx-graphics-23.0.1.jar;C:\Users\csaba\.m2\repository\org\openjfx\javafx-graphics\23.0.1\javafx-graphics-23.0.1-win.jar;C:\Users\csaba\.m2\repository\org\openjfx\javafx-base\23.0.1\javafx-base-23.0.1.jar;C:\Users\csaba\.m2\repository\org\openjfx\javafx-base\23.0.1\javafx-base-23.0.1-win.jar;C:\Users\csaba\.m2\repository\org\openjfx\javafx-fxml\23.0.1\javafx-fxml-23.0.1.jar;C:\Users\csaba\.m2\repository\org\openjfx\javafx-fxml\23.0.1\javafx-fxml-23.0.1-win.jar;C:\Users\csaba\.m2\repository\org\junit\jupiter\junit-jupiter-api\5.11.3\junit-jupiter-api-5.11.3.jar;C:\Users\csaba\.m2\repository\org\opentest4j\opentest4j\1.3.0\opentest4j-1.3.0.jar;C:\Users\csaba\.m2\repository\org\junit\platform\junit-platform-commons\1.10.5\junit-platform-commons-1.10.5.jar;C:\Users\csaba\.m2\repository\org\apiguardian\apiguardian-api\1.1.2\apiguardian-api-1.1.2.jar;"/>
    <property name="java.vm.vendor" value="Oracle Corporation"/>
    <property name="sun.arch.data.model" value="64"/>
    <property name="user.variant" value=""/>
    <property name="java.vendor.url" value="https://java.oracle.com/"/>
    <property name="user.timezone" value="Europe/Budapest"/>
    <property name="org.jboss.logging.provider" value="slf4j"/>
    <property name="os.name" value="Windows 11"/>
    <property name="java.vm.specification.version" value="23"/>
    <property name="sun.java.launcher" value="SUN_STANDARD"/>
    <property name="user.country" value="HU"/>
    <property name="sun.boot.library.path" value="C:\Users\csaba\.jdks\openjdk-23.0.1\bin"/>
    <property name="sun.java.command" value="C:\Users\csaba\AppData\Local\Temp\surefire2717038791526805705\surefirebooter-20241206135946138_3.jar C:\Users\csaba\AppData\Local\Temp\surefire2717038791526805705 2024-12-06T13-59-45_896-jvmRun1 surefire-20241206135946138_1tmp surefire_0-20241206135946138_2tmp"/>
    <property name="jdk.debug" value="release"/>
    <property name="surefire.test.class.path" value="D:\Egyetem\Felevek\5.felev\Szoftverfejlesztes\Projekt\SFM_Projekt_2.csoport\demo\target\test-classes;D:\Egyetem\Felevek\5.felev\Szoftverfejlesztes\Projekt\SFM_Projekt_2.csoport\demo\target\classes;C:\Users\csaba\.m2\repository\org\springframework\boot\spring-boot-starter-data-jpa\3.3.5\spring-boot-starter-data-jpa-3.3.5.jar;C:\Users\csaba\.m2\repository\org\springframework\boot\spring-boot-starter-aop\3.3.5\spring-boot-starter-aop-3.3.5.jar;C:\Users\csaba\.m2\repository\org\springframework\spring-aop\6.1.14\spring-aop-6.1.14.jar;C:\Users\csaba\.m2\repository\org\aspectj\aspectjweaver\1.9.22.1\aspectjweaver-1.9.22.1.jar;C:\Users\csaba\.m2\repository\org\springframework\boot\spring-boot-starter-jdbc\3.3.5\spring-boot-starter-jdbc-3.3.5.jar;C:\Users\csaba\.m2\repository\com\zaxxer\HikariCP\5.1.0\HikariCP-5.1.0.jar;C:\Users\csaba\.m2\repository\org\springframework\spring-jdbc\6.1.14\spring-jdbc-6.1.14.jar;C:\Users\csaba\.m2\repository\org\hibernate\orm\hibernate-core\6.5.3.Final\hibernate-core-6.5.3.Final.jar;C:\Users\csaba\.m2\repository\jakarta\persistence\jakarta.persistence-api\3.1.0\jakarta.persistence-api-3.1.0.jar;C:\Users\csaba\.m2\repository\jakarta\transaction\jakarta.transaction-api\2.0.1\jakarta.transaction-api-2.0.1.jar;C:\Users\csaba\.m2\repository\org\jboss\logging\jboss-logging\3.5.3.Final\jboss-logging-3.5.3.Final.jar;C:\Users\csaba\.m2\repository\org\hibernate\common\hibernate-commons-annotations\6.0.6.Final\hibernate-commons-annotations-6.0.6.Final.jar;C:\Users\csaba\.m2\repository\io\smallrye\jandex\3.1.2\jandex-3.1.2.jar;C:\Users\csaba\.m2\repository\com\fasterxml\classmate\1.7.0\classmate-1.7.0.jar;C:\Users\csaba\.m2\repository\net\bytebuddy\byte-buddy\1.14.19\byte-buddy-1.14.19.jar;C:\Users\csaba\.m2\repository\org\glassfish\jaxb\jaxb-runtime\4.0.5\jaxb-runtime-4.0.5.jar;C:\Users\csaba\.m2\repository\org\glassfish\jaxb\jaxb-core\4.0.5\jaxb-core-4.0.5.jar;C:\Users\csaba\.m2\repository\org\eclipse\angus\angus-activation\2.0.2\angus-activation-2.0.2.jar;C:\Users\csaba\.m2\repository\org\glassfish\jaxb\txw2\4.0.5\txw2-4.0.5.jar;C:\Users\csaba\.m2\repository\com\sun\istack\istack-commons-runtime\4.1.2\istack-commons-runtime-4.1.2.jar;C:\Users\csaba\.m2\repository\jakarta\inject\jakarta.inject-api\2.0.1\jakarta.inject-api-2.0.1.jar;C:\Users\csaba\.m2\repository\org\antlr\antlr4-runtime\4.13.0\antlr4-runtime-4.13.0.jar;C:\Users\csaba\.m2\repository\org\springframework\data\spring-data-jpa\3.3.5\spring-data-jpa-3.3.5.jar;C:\Users\csaba\.m2\repository\org\springframework\data\spring-data-commons\3.3.5\spring-data-commons-3.3.5.jar;C:\Users\csaba\.m2\repository\org\springframework\spring-orm\6.1.14\spring-orm-6.1.14.jar;C:\Users\csaba\.m2\repository\org\springframework\spring-context\6.1.14\spring-context-6.1.14.jar;C:\Users\csaba\.m2\repository\org\springframework\spring-tx\6.1.14\spring-tx-6.1.14.jar;C:\Users\csaba\.m2\repository\org\springframework\spring-beans\6.1.14\spring-beans-6.1.14.jar;C:\Users\csaba\.m2\repository\jakarta\annotation\jakarta.annotation-api\2.1.1\jakarta.annotation-api-2.1.1.jar;C:\Users\csaba\.m2\repository\org\slf4j\slf4j-api\2.0.16\slf4j-api-2.0.16.jar;C:\Users\csaba\.m2\repository\org\springframework\spring-aspects\6.1.14\spring-aspects-6.1.14.jar;C:\Users\csaba\.m2\repository\org\springframework\boot\spring-boot-starter-web\3.3.5\spring-boot-starter-web-3.3.5.jar;C:\Users\csaba\.m2\repository\org\springframework\boot\spring-boot-starter\3.3.5\spring-boot-starter-3.3.5.jar;C:\Users\csaba\.m2\repository\org\springframework\boot\spring-boot\3.3.5\spring-boot-3.3.5.jar;C:\Users\csaba\.m2\repository\org\springframework\boot\spring-boot-autoconfigure\3.3.5\spring-boot-autoconfigure-3.3.5.jar;C:\Users\csaba\.m2\repository\org\springframework\boot\spring-boot-starter-logging\3.3.5\spring-boot-starter-logging-3.3.5.jar;C:\Users\csaba\.m2\repository\ch\qos\logback\logback-classic\1.5.11\logback-classic-1.5.11.jar;C:\Users\csaba\.m2\repository\ch\qos\logback\logback-core\1.5.11\logback-core-1.5.11.jar;C:\Users\csaba\.m2\repository\org\apache\logging\log4j\log4j-to-slf4j\2.23.1\log4j-to-slf4j-2.23.1.jar;C:\Users\csaba\.m2\repository\org\apache\logging\log4j\log4j-api\2.23.1\log4j-api-2.23.1.jar;C:\Users\csaba\.m2\repository\org\slf4j\jul-to-slf4j\2.0.16\jul-to-slf4j-2.0.16.jar;C:\Users\csaba\.m2\repository\org\yaml\snakeyaml\2.2\snakeyaml-2.2.jar;C:\Users\csaba\.m2\repository\org\springframework\boot\spring-boot-starter-json\3.3.5\spring-boot-starter-json-3.3.5.jar;C:\Users\csaba\.m2\repository\com\fasterxml\jackson\datatype\jackson-datatype-jdk8\2.17.2\jackson-datatype-jdk8-2.17.2.jar;C:\Users\csaba\.m2\repository\com\fasterxml\jackson\datatype\jackson-datatype-jsr310\2.17.2\jackson-datatype-jsr310-2.17.2.jar;C:\Users\csaba\.m2\repository\com\fasterxml\jackson\module\jackson-module-parameter-names\2.17.2\jackson-module-parameter-names-2.17.2.jar;C:\Users\csaba\.m2\repository\org\springframework\boot\spring-boot-starter-tomcat\3.3.5\spring-boot-starter-tomcat-3.3.5.jar;C:\Users\csaba\.m2\repository\org\apache\tomcat\embed\tomcat-embed-core\10.1.31\tomcat-embed-core-10.1.31.jar;C:\Users\csaba\.m2\repository\org\apache\tomcat\embed\tomcat-embed-el\10.1.31\tomcat-embed-el-10.1.31.jar;C:\Users\csaba\.m2\repository\org\apache\tomcat\embed\tomcat-embed-websocket\10.1.31\tomcat-embed-websocket-10.1.31.jar;C:\Users\csaba\.m2\repository\org\springframework\spring-web\6.1.14\spring-web-6.1.14.jar;C:\Users\csaba\.m2\repository\io\micrometer\micrometer-observation\1.13.6\micrometer-observation-1.13.6.jar;C:\Users\csaba\.m2\repository\io\micrometer\micrometer-commons\1.13.6\micrometer-commons-1.13.6.jar;C:\Users\csaba\.m2\repository\org\springframework\spring-webmvc\6.1.14\spring-webmvc-6.1.14.jar;C:\Users\csaba\.m2\repository\org\springframework\spring-expression\6.1.14\spring-expression-6.1.14.jar;C:\Users\csaba\.m2\repository\com\h2database\h2\2.2.224\h2-2.2.224.jar;C:\Users\csaba\.m2\repository\org\projectlombok\lombok\1.18.34\lombok-1.18.34.jar;C:\Users\csaba\.m2\repository\org\springframework\boot\spring-boot-starter-test\3.3.5\spring-boot-starter-test-3.3.5.jar;C:\Users\csaba\.m2\repository\org\springframework\boot\spring-boot-test\3.3.5\spring-boot-test-3.3.5.jar;C:\Users\csaba\.m2\repository\org\springframework\boot\spring-boot-test-autoconfigure\3.3.5\spring-boot-test-autoconfigure-3.3.5.jar;C:\Users\csaba\.m2\repository\com\jayway\jsonpath\json-path\2.9.0\json-path-2.9.0.jar;C:\Users\csaba\.m2\repository\jakarta\xml\bind\jakarta.xml.bind-api\4.0.2\jakarta.xml.bind-api-4.0.2.jar;C:\Users\csaba\.m2\repository\jakarta\activation\jakarta.activation-api\2.1.3\jakarta.activation-api-2.1.3.jar;C:\Users\csaba\.m2\repository\net\minidev\json-smart\2.5.1\json-smart-2.5.1.jar;C:\Users\csaba\.m2\repository\net\minidev\accessors-smart\2.5.1\accessors-smart-2.5.1.jar;C:\Users\csaba\.m2\repository\org\ow2\asm\asm\9.6\asm-9.6.jar;C:\Users\csaba\.m2\repository\org\assertj\assertj-core\3.25.3\assertj-core-3.25.3.jar;C:\Users\csaba\.m2\repository\org\awaitility\awaitility\4.2.2\awaitility-4.2.2.jar;C:\Users\csaba\.m2\repository\org\hamcrest\hamcrest\2.2\hamcrest-2.2.jar;C:\Users\csaba\.m2\repository\org\junit\jupiter\junit-jupiter\5.10.5\junit-jupiter-5.10.5.jar;C:\Users\csaba\.m2\repository\org\junit\jupiter\junit-jupiter-params\5.10.5\junit-jupiter-params-5.10.5.jar;C:\Users\csaba\.m2\repository\org\junit\jupiter\junit-jupiter-engine\5.10.5\junit-jupiter-engine-5.10.5.jar;C:\Users\csaba\.m2\repository\org\junit\platform\junit-platform-engine\1.10.5\junit-platform-engine-1.10.5.jar;C:\Users\csaba\.m2\repository\org\mockito\mockito-core\5.11.0\mockito-core-5.11.0.jar;C:\Users\csaba\.m2\repository\net\bytebuddy\byte-buddy-agent\1.14.19\byte-buddy-agent-1.14.19.jar;C:\Users\csaba\.m2\repository\org\objenesis\objenesis\3.3\objenesis-3.3.jar;C:\Users\csaba\.m2\repository\org\mockito\mockito-junit-jupiter\5.11.0\mockito-junit-jupiter-5.11.0.jar;C:\Users\csaba\.m2\repository\org\skyscreamer\jsonassert\1.5.3\jsonassert-1.5.3.jar;C:\Users\csaba\.m2\repository\com\vaadin\external\google\android-json\0.0.20131108.vaadin1\android-json-0.0.20131108.vaadin1.jar;C:\Users\csaba\.m2\repository\org\springframework\spring-core\6.1.14\spring-core-6.1.14.jar;C:\Users\csaba\.m2\repository\org\springframework\spring-jcl\6.1.14\spring-jcl-6.1.14.jar;C:\Users\csaba\.m2\repository\org\springframework\spring-test\6.1.14\spring-test-6.1.14.jar;C:\Users\csaba\.m2\repository\org\xmlunit\xmlunit-core\2.9.1\xmlunit-core-2.9.1.jar;C:\Users\csaba\.m2\repository\org\springframework\boot\spring-boot-starter-thymeleaf\3.3.5\spring-boot-starter-thymeleaf-3.3.5.jar;C:\Users\csaba\.m2\repository\org\thymeleaf\thymeleaf-spring6\3.1.2.RELEASE\thymeleaf-spring6-3.1.2.RELEASE.jar;C:\Users\csaba\.m2\repository\org\thymeleaf\thymeleaf\3.1.2.RELEASE\thymeleaf-3.1.2.RELEASE.jar;C:\Users\csaba\.m2\repository\org\attoparser\attoparser\2.0.7.RELEASE\attoparser-2.0.7.RELEASE.jar;C:\Users\csaba\.m2\repository\org\unbescape\unbescape\1.1.6.RELEASE\unbescape-1.1.6.RELEASE.jar;C:\Users\csaba\.m2\repository\org\webjars\webjars-locator\0.52\webjars-locator-0.52.jar;C:\Users\csaba\.m2\repository\org\webjars\webjars-locator-core\0.58\webjars-locator-core-0.58.jar;C:\Users\csaba\.m2\repository\io\github\classgraph\classgraph\4.8.168\classgraph-4.8.168.jar;C:\Users\csaba\.m2\repository\com\fasterxml\jackson\core\jackson-core\2.17.2\jackson-core-2.17.2.jar;C:\Users\csaba\.m2\repository\com\fasterxml\jackson\core\jackson-databind\2.17.2\jackson-databind-2.17.2.jar;C:\Users\csaba\.m2\repository\com\fasterxml\jackson\core\jackson-annotations\2.17.2\jackson-annotations-2.17.2.jar;C:\Users\csaba\.m2\repository\org\apache\commons\commons-text\1.11.0\commons-text-1.11.0.jar;C:\Users\csaba\.m2\repository\org\apache\commons\commons-lang3\3.14.0\commons-lang3-3.14.0.jar;C:\Users\csaba\.m2\repository\com\github\spullara\mustache\java\compiler\0.9.11\compiler-0.9.11.jar;C:\Users\csaba\.m2\repository\org\webjars\bootstrap\5.3.3\bootstrap-5.3.3.jar;C:\Users\csaba\.m2\repository\org\openjfx\javafx-controls\23.0.1\javafx-controls-23.0.1.jar;C:\Users\csaba\.m2\repository\org\openjfx\javafx-controls\23.0.1\javafx-controls-23.0.1-win.jar;C:\Users\csaba\.m2\repository\org\openjfx\javafx-graphics\23.0.1\javafx-graphics-23.0.1.jar;C:\Users\csaba\.m2\repository\org\openjfx\javafx-graphics\23.0.1\javafx-graphics-23.0.1-win.jar;C:\Users\csaba\.m2\repository\org\openjfx\javafx-base\23.0.1\javafx-base-23.0.1.jar;C:\Users\csaba\.m2\repository\org\openjfx\javafx-base\23.0.1\javafx-base-23.0.1-win.jar;C:\Users\csaba\.m2\repository\org\openjfx\javafx-fxml\23.0.1\javafx-fxml-23.0.1.jar;C:\Users\csaba\.m2\repository\org\openjfx\javafx-fxml\23.0.1\javafx-fxml-23.0.1-win.jar;C:\Users\csaba\.m2\repository\org\junit\jupiter\junit-jupiter-api\5.11.3\junit-jupiter-api-5.11.3.jar;C:\Users\csaba\.m2\repository\org\opentest4j\opentest4j\1.3.0\opentest4j-1.3.0.jar;C:\Users\csaba\.m2\repository\org\junit\platform\junit-platform-commons\1.10.5\junit-platform-commons-1.10.5.jar;C:\Users\csaba\.m2\repository\org\apiguardian\apiguardian-api\1.1.2\apiguardian-api-1.1.2.jar;"/>
    <property name="sun.cpu.endian" value="little"/>
    <property name="user.home" value="C:\Users\csaba"/>
    <property name="user.language" value="hu"/>
    <property name="java.specification.vendor" value="Oracle Corporation"/>
    <property name="java.version.date" value="2024-10-15"/>
    <property name="java.home" value="C:\Users\csaba\.jdks\openjdk-23.0.1"/>
    <property name="file.separator" value="\"/>
    <property name="basedir" value="D:\Egyetem\Felevek\5.felev\Szoftverfejlesztes\Projekt\SFM_Projekt_2.csoport\demo"/>
    <property name="java.vm.compressedOopsMode" value="Zero based"/>
    <property name="line.separator" value="&#10;"/>
    <property name="java.vm.specification.vendor" value="Oracle Corporation"/>
    <property name="java.specification.name" value="Java Platform API Specification"/>
    <property name="FILE_LOG_CHARSET" value="UTF-8"/>
    <property name="java.awt.headless" value="true"/>
    <property name="surefire.real.class.path" value="C:\Users\csaba\AppData\Local\Temp\surefire2717038791526805705\surefirebooter-20241206135946138_3.jar"/>
    <property name="user.script" value=""/>
    <property name="sun.management.compiler" value="HotSpot 64-Bit Tiered Compilers"/>
    <property name="java.runtime.version" value="23.0.1+11-39"/>
    <property name="user.name" value="csaba"/>
    <property name="stdout.encoding" value="Cp1250"/>
    <property name="path.separator" value=";"/>
    <property name="os.version" value="10.0"/>
    <property name="java.runtime.name" value="OpenJDK Runtime Environment"/>
    <property name="file.encoding" value="UTF-8"/>
    <property name="java.vm.name" value="OpenJDK 64-Bit Server VM"/>
    <property name="localRepository" value="C:\Users\csaba\.m2\repository"/>
    <property name="java.vendor.url.bug" value="https://bugreport.java.com/bugreport/"/>
    <property name="java.io.tmpdir" value="C:\Users\csaba\AppData\Local\Temp\"/>
    <property name="idea.version" value="2024.2.4"/>
    <property name="java.version" value="23.0.1"/>
    <property name="user.dir" value="D:\Egyetem\Felevek\5.felev\Szoftverfejlesztes\Projekt\SFM_Projekt_2.csoport\demo"/>
    <property name="os.arch" value="amd64"/>
    <property name="java.vm.specification.name" value="Java Virtual Machine Specification"/>
    <property name="PID" value="51292"/>
    <property name="sun.os.patch.level" value=""/>
    <property name="CONSOLE_LOG_CHARSET" value="UTF-8"/>
    <property name="native.encoding" value="Cp1250"/>
    <property name="java.library.path" value="C:\Users\csaba\.jdks\openjdk-23.0.1\bin;C:\Windows\Sun\Java\bin;C:\Windows\system32;C:\Windows;C:\Program Files (x86)\Razer Chroma SDK\bin;C:\Program Files\Razer Chroma SDK\bin;C:\Program Files (x86)\Razer\ChromaBroadcast\bin;C:\Program Files\Razer\ChromaBroadcast\bin;C:\Program Files\Common Files\Oracle\Java\javapath;C:\Windows\system32;C:\Windows;C:\Windows\System32\Wbem;C:\Windows\System32\WindowsPowerShell\v1.0\;C:\Windows\System32\OpenSSH\;C:\Program Files (x86)\NVIDIA Corporation\PhysX\Common;C:\Program Files\dotnet\;C:\Windows\system32\config\systemprofile\AppData\Local\Microsoft\WindowsApps;D:\Egyetem\Felevek\5.felev\Git\cmd;C:\Program Files\NVIDIA Corporation\NVIDIA app\NvDLISR;C:\Users\csaba\AppData\Local\Programs\Python\Python312\Scripts\;C:\Users\csaba\AppData\Local\Programs\Python\Python312\;C:\Users\csaba\AppData\Local\Microsoft\WindowsApps;C:\Users\csaba\.dotnet\tools;D:\Egyetem\Felevek\5.felev\IntelliJ IDEA 2024.2.3\bin;;."/>
    <property name="java.vm.info" value="mixed mode, sharing"/>
    <property name="stderr.encoding" value="Cp1250"/>
    <property name="java.vendor" value="Oracle Corporation"/>
    <property name="java.vm.version" value="23.0.1+11-39"/>
    <property name="sun.io.unicode.encoding" value="UnicodeLittle"/>
    <property name="java.class.version" value="67.0"/>
    <property name="LOGGED_APPLICATION_NAME" value="[Spa Application] "/>
  </properties>
  <testcase name="testSave" classname="com.spa.demo.backend.IdentificationRepositoryTest" time="0.877">
    <system-out><![CDATA[13:59:48.573 [main] INFO org.springframework.test.context.support.AnnotationConfigContextLoaderUtils -- Could not detect default configuration classes for test class [com.spa.demo.backend.IdentificationRepositoryTest]: IdentificationRepositoryTest does not declare any static, non-private, non-final, nested classes annotated with @Configuration.
13:59:48.882 [main] INFO org.springframework.boot.test.context.SpringBootTestContextBootstrapper -- Found @SpringBootConfiguration com.spa.demo.SpaApplication for test class com.spa.demo.backend.IdentificationRepositoryTest

  .   ____          _            __ _ _
 /\\ / ___'_ __ _ _(_)_ __  __ _ \ \ \ \
( ( )\___ | '_ | '_| | '_ \/ _` | \ \ \ \
 \\/  ___)| |_)| | | | | || (_| |  ) ) ) )
  '  |____| .__|_| |_|_| |_\__, | / / / /
 =========|_|==============|___/=/_/_/_/

 :: Spring Boot ::                (v3.3.5)

2024-12-06T13:59:49.706+01:00  INFO 51292 --- [Spa Application] [           main] c.s.d.b.IdentificationRepositoryTest     : Starting IdentificationRepositoryTest using Java 23.0.1 with PID 51292 (started by csaba in D:\Egyetem\Felevek\5.felev\Szoftverfejlesztes\Projekt\SFM_Projekt_2.csoport\demo)
2024-12-06T13:59:49.708+01:00  INFO 51292 --- [Spa Application] [           main] c.s.d.b.IdentificationRepositoryTest     : No active profile set, falling back to 1 default profile: "default"
2024-12-06T13:59:50.317+01:00  INFO 51292 --- [Spa Application] [           main] .s.d.r.c.RepositoryConfigurationDelegate : Bootstrapping Spring Data JPA repositories in DEFAULT mode.
2024-12-06T13:59:50.430+01:00  INFO 51292 --- [Spa Application] [           main] .s.d.r.c.RepositoryConfigurationDelegate : Finished Spring Data repository scanning in 91 ms. Found 5 JPA repository interfaces.
2024-12-06T13:59:50.544+01:00  INFO 51292 --- [Spa Application] [           main] beddedDataSourceBeanFactoryPostProcessor : Replacing 'dataSource' DataSource bean with embedded version
2024-12-06T13:59:50.850+01:00  INFO 51292 --- [Spa Application] [           main] o.s.j.d.e.EmbeddedDatabaseFactory        : Starting embedded database: url='jdbc:h2:mem:aa4e6aae-c83c-46e2-b301-ea37da5c251f;DB_CLOSE_DELAY=-1;DB_CLOSE_ON_EXIT=false', username='sa'
2024-12-06T13:59:51.564+01:00  INFO 51292 --- [Spa Application] [           main] o.hibernate.jpa.internal.util.LogHelper  : HHH000204: Processing PersistenceUnitInfo [name: default]
2024-12-06T13:59:51.694+01:00  INFO 51292 --- [Spa Application] [           main] org.hibernate.Version                    : HHH000412: Hibernate ORM core version 6.5.3.Final
2024-12-06T13:59:51.778+01:00  INFO 51292 --- [Spa Application] [           main] o.h.c.internal.RegionFactoryInitiator    : HHH000026: Second-level cache disabled
2024-12-06T13:59:52.520+01:00  INFO 51292 --- [Spa Application] [           main] o.s.o.j.p.SpringPersistenceUnitInfo      : No LoadTimeWeaver setup: ignoring JPA class transformer
2024-12-06T13:59:52.634+01:00  WARN 51292 --- [Spa Application] [           main] org.hibernate.orm.deprecation            : HHH90000025: H2Dialect does not need to be specified explicitly using 'hibernate.dialect' (remove the property setting and it will be selected by default)
2024-12-06T13:59:54.550+01:00  INFO 51292 --- [Spa Application] [           main] o.h.e.t.j.p.i.JtaPlatformInitiator       : HHH000489: No JTA platform available (set 'hibernate.transaction.jta.platform' to enable JTA platform integration)
Hibernate: drop table if exists cupboard cascade 
Hibernate: drop table if exists identification cascade 
Hibernate: drop table if exists registration cascade 
Hibernate: drop table if exists restaurant cascade 
Hibernate: drop table if exists services cascade 
Hibernate: drop sequence if exists cupboard_seq
Hibernate: drop sequence if exists restaurant_seq
Hibernate: drop sequence if exists services_seq
Hibernate: create sequence cupboard_seq start with 1 increment by 50
Hibernate: create sequence restaurant_seq start with 1 increment by 50
Hibernate: create sequence services_seq start with 1 increment by 50
Hibernate: create table cupboard (cupboard_number integer not null, status integer not null, identification_person_id varchar(255), primary key (cupboard_number))
Hibernate: create table identification (adult_beach_ticket integer not null, adult_felling_ticket integer not null, adult_thermal_ticket integer not null, aqua_park_ticket integer not null, baldachin integer not null, feeling_pensioner_ticket integer not null, lounger integer not null, money integer not null, pensioner_beach_ticket integer not null, pensioner_thermal_ticket integer not null, premium_ticket integer not null, safe_deposit integer not null, sauna integer not null, student_beach_ticket integer not null, student_felling_ticket integer not null, student_thermal_ticket integer not null, sun_bed integer not null, sun_bed_at_the_beach integer not null, person_id varchar(255) not null, registration_generated_id varchar(255), primary key (person_id))
Hibernate: create table registration (costumer_type integer not null, city varchar(255), generated_id varchar(255) not null, idnumber varchar(255), name varchar(255), post_code varchar(255), street varchar(255), primary key (generated_id))
Hibernate: create table restaurant (price integer not null, id bigint not null, name varchar(255), type varchar(255), primary key (id))
Hibernate: create table services (price integer not null, ticket_type integer not null, id bigint not null, name varchar(255), type varchar(255), primary key (id))
Hibernate: alter table if exists cupboard add constraint FKl147kwcfkpmd6dli4r38wwcwt foreign key (identification_person_id) references identification
Hibernate: alter table if exists identification add constraint FKmpi374y6ruggejgwemd2yyr87 foreign key (registration_generated_id) references registration
2024-12-06T13:59:54.654+01:00  INFO 51292 --- [Spa Application] [           main] j.LocalContainerEntityManagerFactoryBean : Initialized JPA EntityManagerFactory for persistence unit 'default'
2024-12-06T13:59:55.324+01:00  INFO 51292 --- [Spa Application] [           main] o.s.d.j.r.query.QueryEnhancerFactory     : Hibernate is in classpath; If applicable, HQL parser will be used.
2024-12-06T13:59:56.248+01:00  INFO 51292 --- [Spa Application] [           main] c.s.d.b.IdentificationRepositoryTest     : Started IdentificationRepositoryTest in 7.186 seconds (process running for 9.877)
Hibernate: select next value for services_seq
Hibernate: insert into services (name,price,ticket_type,type,id) values (?,?,?,?,?)
Hibernate: select next value for services_seq
Hibernate: insert into services (name,price,ticket_type,type,id) values (?,?,?,?,?)
Hibernate: insert into services (name,price,ticket_type,type,id) values (?,?,?,?,?)
Hibernate: insert into services (name,price,ticket_type,type,id) values (?,?,?,?,?)
Hibernate: insert into services (name,price,ticket_type,type,id) values (?,?,?,?,?)
Hibernate: insert into services (name,price,ticket_type,type,id) values (?,?,?,?,?)
Hibernate: insert into services (name,price,ticket_type,type,id) values (?,?,?,?,?)
Hibernate: insert into services (name,price,ticket_type,type,id) values (?,?,?,?,?)
Hibernate: insert into services (name,price,ticket_type,type,id) values (?,?,?,?,?)
Hibernate: insert into services (name,price,ticket_type,type,id) values (?,?,?,?,?)
Hibernate: insert into services (name,price,ticket_type,type,id) values (?,?,?,?,?)
Hibernate: insert into services (name,price,ticket_type,type,id) values (?,?,?,?,?)
Hibernate: insert into services (name,price,ticket_type,type,id) values (?,?,?,?,?)
Hibernate: insert into services (name,price,ticket_type,type,id) values (?,?,?,?,?)
Hibernate: insert into services (name,price,ticket_type,type,id) values (?,?,?,?,?)
Hibernate: insert into services (name,price,ticket_type,type,id) values (?,?,?,?,?)
Hibernate: insert into services (name,price,ticket_type,type,id) values (?,?,?,?,?)
Hibernate: insert into services (name,price,ticket_type,type,id) values (?,?,?,?,?)
Hibernate: select next value for restaurant_seq
Hibernate: insert into restaurant (name,price,type,id) values (?,?,?,?)
Hibernate: select next value for restaurant_seq
Hibernate: insert into restaurant (name,price,type,id) values (?,?,?,?)
Hibernate: insert into restaurant (name,price,type,id) values (?,?,?,?)
Hibernate: insert into restaurant (name,price,type,id) values (?,?,?,?)
Hibernate: insert into restaurant (name,price,type,id) values (?,?,?,?)
Hibernate: insert into restaurant (name,price,type,id) values (?,?,?,?)
Hibernate: insert into restaurant (name,price,type,id) values (?,?,?,?)
Hibernate: insert into restaurant (name,price,type,id) values (?,?,?,?)
Hibernate: insert into restaurant (name,price,type,id) values (?,?,?,?)
Hibernate: insert into restaurant (name,price,type,id) values (?,?,?,?)
Hibernate: insert into restaurant (name,price,type,id) values (?,?,?,?)
Hibernate: insert into restaurant (name,price,type,id) values (?,?,?,?)
Hibernate: insert into restaurant (name,price,type,id) values (?,?,?,?)
Hibernate: insert into restaurant (name,price,type,id) values (?,?,?,?)
Hibernate: insert into restaurant (name,price,type,id) values (?,?,?,?)
Hibernate: insert into restaurant (name,price,type,id) values (?,?,?,?)
Hibernate: insert into restaurant (name,price,type,id) values (?,?,?,?)
Hibernate: insert into restaurant (name,price,type,id) values (?,?,?,?)
Hibernate: insert into restaurant (name,price,type,id) values (?,?,?,?)
Hibernate: insert into restaurant (name,price,type,id) values (?,?,?,?)
Hibernate: insert into restaurant (name,price,type,id) values (?,?,?,?)
Hibernate: insert into restaurant (name,price,type,id) values (?,?,?,?)
Hibernate: insert into restaurant (name,price,type,id) values (?,?,?,?)
Hibernate: insert into restaurant (name,price,type,id) values (?,?,?,?)
Hibernate: insert into restaurant (name,price,type,id) values (?,?,?,?)
Hibernate: insert into restaurant (name,price,type,id) values (?,?,?,?)
Hibernate: insert into restaurant (name,price,type,id) values (?,?,?,?)
Hibernate: insert into restaurant (name,price,type,id) values (?,?,?,?)
Hibernate: insert into restaurant (name,price,type,id) values (?,?,?,?)
Hibernate: select r1_0.generated_id,r1_0.city,r1_0.costumer_type,r1_0.idnumber,r1_0.post_code,r1_0.street,r1_0.name,i1_0.registration_generated_id,i1_0.person_id,i1_0.adult_beach_ticket,i1_0.adult_felling_ticket,i1_0.adult_thermal_ticket,i1_0.aqua_park_ticket,i1_0.baldachin,i1_0.feeling_pensioner_ticket,i1_0.lounger,i1_0.pensioner_beach_ticket,i1_0.pensioner_thermal_ticket,i1_0.premium_ticket,i1_0.safe_deposit,i1_0.sauna,i1_0.student_beach_ticket,i1_0.student_felling_ticket,i1_0.student_thermal_ticket,i1_0.sun_bed,i1_0.sun_bed_at_the_beach,i1_0.money from registration r1_0 left join identification i1_0 on r1_0.generated_id=i1_0.registration_generated_id where r1_0.generated_id=?
Hibernate: select i1_0.person_id,i1_0.adult_beach_ticket,i1_0.adult_felling_ticket,i1_0.adult_thermal_ticket,i1_0.aqua_park_ticket,i1_0.baldachin,i1_0.feeling_pensioner_ticket,i1_0.lounger,i1_0.pensioner_beach_ticket,i1_0.pensioner_thermal_ticket,i1_0.premium_ticket,i1_0.safe_deposit,i1_0.sauna,i1_0.student_beach_ticket,i1_0.student_felling_ticket,i1_0.student_thermal_ticket,i1_0.sun_bed,i1_0.sun_bed_at_the_beach,i1_0.money,r1_0.generated_id,r1_0.city,r1_0.costumer_type,r1_0.idnumber,r1_0.post_code,r1_0.street,r1_0.name,l1_0.identification_person_id,l1_0.cupboard_number,l1_0.status from identification i1_0 left join registration r1_0 on r1_0.generated_id=i1_0.registration_generated_id left join cupboard l1_0 on i1_0.person_id=l1_0.identification_person_id where i1_0.person_id=?
Hibernate: select i1_0.person_id,i1_0.adult_beach_ticket,i1_0.adult_felling_ticket,i1_0.adult_thermal_ticket,i1_0.aqua_park_ticket,i1_0.baldachin,i1_0.feeling_pensioner_ticket,i1_0.lounger,i1_0.pensioner_beach_ticket,i1_0.pensioner_thermal_ticket,i1_0.premium_ticket,i1_0.safe_deposit,i1_0.sauna,i1_0.student_beach_ticket,i1_0.student_felling_ticket,i1_0.student_thermal_ticket,i1_0.sun_bed,i1_0.sun_bed_at_the_beach,i1_0.money,r1_0.generated_id,r1_0.city,r1_0.costumer_type,r1_0.idnumber,r1_0.post_code,r1_0.street,r1_0.name,l1_0.identification_person_id,l1_0.cupboard_number,l1_0.status from identification i1_0 left join registration r1_0 on r1_0.generated_id=i1_0.registration_generated_id left join cupboard l1_0 on i1_0.person_id=l1_0.identification_person_id where i1_0.person_id=?
Hibernate: select i1_0.person_id,i1_0.adult_beach_ticket,i1_0.adult_felling_ticket,i1_0.adult_thermal_ticket,i1_0.aqua_park_ticket,i1_0.baldachin,i1_0.feeling_pensioner_ticket,i1_0.lounger,i1_0.pensioner_beach_ticket,i1_0.pensioner_thermal_ticket,i1_0.premium_ticket,i1_0.safe_deposit,i1_0.sauna,i1_0.student_beach_ticket,i1_0.student_felling_ticket,i1_0.student_thermal_ticket,i1_0.sun_bed,i1_0.sun_bed_at_the_beach,i1_0.money,r1_0.generated_id,r1_0.city,r1_0.costumer_type,r1_0.idnumber,r1_0.post_code,r1_0.street,r1_0.name,l1_0.identification_person_id,l1_0.cupboard_number,l1_0.status from identification i1_0 left join registration r1_0 on r1_0.generated_id=i1_0.registration_generated_id left join cupboard l1_0 on i1_0.person_id=l1_0.identification_person_id where i1_0.person_id=?
Hibernate: insert into registration (city,costumer_type,idnumber,post_code,street,name,generated_id) values (?,?,?,?,?,?,?)
Hibernate: insert into identification (adult_beach_ticket,adult_felling_ticket,adult_thermal_ticket,aqua_park_ticket,baldachin,feeling_pensioner_ticket,lounger,pensioner_beach_ticket,pensioner_thermal_ticket,premium_ticket,safe_deposit,sauna,student_beach_ticket,student_felling_ticket,student_thermal_ticket,sun_bed,sun_bed_at_the_beach,money,registration_generated_id,person_id) values (?,?,?,?,?,?,?,?,?,?,?,?,?,?,?,?,?,?,?,?)
Hibernate: insert into identification (adult_beach_ticket,adult_felling_ticket,adult_thermal_ticket,aqua_park_ticket,baldachin,feeling_pensioner_ticket,lounger,pensioner_beach_ticket,pensioner_thermal_ticket,premium_ticket,safe_deposit,sauna,student_beach_ticket,student_felling_ticket,student_thermal_ticket,sun_bed,sun_bed_at_the_beach,money,registration_generated_id,person_id) values (?,?,?,?,?,?,?,?,?,?,?,?,?,?,?,?,?,?,?,?)
Hibernate: insert into identification (adult_beach_ticket,adult_felling_ticket,adult_thermal_ticket,aqua_park_ticket,baldachin,feeling_pensioner_ticket,lounger,pensioner_beach_ticket,pensioner_thermal_ticket,premium_ticket,safe_deposit,sauna,student_beach_ticket,student_felling_ticket,student_thermal_ticket,sun_bed,sun_bed_at_the_beach,money,registration_generated_id,person_id) values (?,?,?,?,?,?,?,?,?,?,?,?,?,?,?,?,?,?,?,?)
Hibernate: select i1_0.person_id,i1_0.adult_beach_ticket,i1_0.adult_felling_ticket,i1_0.adult_thermal_ticket,i1_0.aqua_park_ticket,i1_0.baldachin,i1_0.feeling_pensioner_ticket,i1_0.lounger,i1_0.pensioner_beach_ticket,i1_0.pensioner_thermal_ticket,i1_0.premium_ticket,i1_0.safe_deposit,i1_0.sauna,i1_0.student_beach_ticket,i1_0.student_felling_ticket,i1_0.student_thermal_ticket,i1_0.sun_bed,i1_0.sun_bed_at_the_beach,i1_0.money,i1_0.registration_generated_id from identification i1_0
]]></system-out>
    <system-err><![CDATA[WARNING: A Java agent has been loaded dynamically (C:\Users\csaba\.m2\repository\net\bytebuddy\byte-buddy-agent\1.14.19\byte-buddy-agent-1.14.19.jar)
WARNING: If a serviceability tool is in use, please run with -XX:+EnableDynamicAgentLoading to hide this warning
WARNING: If a serviceability tool is not in use, please run with -Djdk.instrument.traceUsage for more information
WARNING: Dynamic loading of agents will be disallowed by default in a future release
]]></system-err>
  </testcase>
</testsuite>